<?xml version="1.0" encoding="UTF-8"?>
<testng-results ignored="0" total="2" passed="2" failed="0" skipped="0">
  <reporter-output>
  </reporter-output>
  <suite started-at="2023-04-03T17:19:58 IST" name="Default suite" finished-at="2023-04-03T17:20:09 IST" duration-ms="11133">
    <groups>
    </groups>
    <test started-at="2023-04-03T17:19:58 IST" name="Default test" finished-at="2023-04-03T17:20:09 IST" duration-ms="11133">
      <class name="test.FbLogintest">
        <test-method is-config="true" signature="start()[pri:0, instance:test.FbLogintest@53aac487]" started-at="2023-04-03T17:19:58 IST" name="start" finished-at="2023-04-03T17:20:02 IST" duration-ms="4038" status="PASS">
          <reporter-output>
          </reporter-output>
        </test-method> <!-- start -->
        <test-method is-config="true" signature="url()[pri:0, instance:test.FbLogintest@53aac487]" started-at="2023-04-03T17:20:02 IST" name="url" finished-at="2023-04-03T17:20:03 IST" duration-ms="1072" status="PASS">
          <reporter-output>
          </reporter-output>
        </test-method> <!-- url -->
        <test-method signature="test()[pri:0, instance:test.FbLogintest@53aac487]" started-at="2023-04-03T17:20:03 IST" name="test" finished-at="2023-04-03T17:20:07 IST" duration-ms="4122" status="PASS">
          <reporter-output>
          </reporter-output>
        </test-method> <!-- test -->
        <test-method is-config="true" signature="url()[pri:0, instance:test.FbLogintest@53aac487]" started-at="2023-04-03T17:20:07 IST" name="url" finished-at="2023-04-03T17:20:08 IST" duration-ms="809" status="PASS">
          <reporter-output>
          </reporter-output>
        </test-method> <!-- url -->
        <test-method signature="test1()[pri:0, instance:test.FbLogintest@53aac487]" started-at="2023-04-03T17:20:08 IST" name="test1" finished-at="2023-04-03T17:20:09 IST" duration-ms="1055" status="PASS">
          <reporter-output>
          </reporter-output>
        </test-method> <!-- test1 -->
      </class> <!-- test.FbLogintest -->
    </test> <!-- Default test -->
  </suite> <!-- Default suite -->
</testng-results>
